Info: Starting: Create block symbol file (.bsf)
Info: qsys-generate C:\Users\Administrator\Desktop\suhddpsram512x4_rq.qsys --block-symbol-file --output-directory=C:\Users\Administrator\Desktop\suhddpsram512x4_rq --family="Arria 10" --part=10AX048H2F34E2SP
Progress: Loading Desktop/suhddpsram512x4_rq.qsys
Progress: Reading input file
Progress: Adding ram_2port_0 [ram_2port 15.0]
Progress: Parameterizing module ram_2port_0
Progress: Building connections
Progress: Parameterizing connections
Progress: Validating
Progress: Done reading input file
: suhddpsram512x4_rq.ram_2port_0: Targeting device family: Arria 10.
Info: ip-generate succeeded.
Info: Finished: Create block symbol file (.bsf)
Info: 
Info: Starting: Create HDL design files for synthesis
Info: qsys-generate C:\Users\Administrator\Desktop\suhddpsram512x4_rq.qsys --synthesis=VERILOG --output-directory=C:\Users\Administrator\Desktop\suhddpsram512x4_rq --family="Arria 10" --part=10AX048H2F34E2SP
Progress: Loading Desktop/suhddpsram512x4_rq.qsys
Progress: Reading input file
Progress: Adding ram_2port_0 [ram_2port 15.0]
Progress: Parameterizing module ram_2port_0
Progress: Building connections
Progress: Parameterizing connections
Progress: Validating
Progress: Done reading input file
: suhddpsram512x4_rq.ram_2port_0: Targeting device family: Arria 10.
Info: suhddpsram512x4_rq: "Transforming system: suhddpsram512x4_rq"
Info: suhddpsram512x4_rq: Running transform generation_view_transform
Info: suhddpsram512x4_rq: Running transform generation_view_transform took 0.000s
Info: ram_2port_0: Running transform generation_view_transform
Info: ram_2port_0: Running transform generation_view_transform took 0.000s
Info: suhddpsram512x4_rq: Running transform merlin_avalon_transform
Info: suhddpsram512x4_rq: Running transform merlin_avalon_transform took 0.068s
Info: suhddpsram512x4_rq: "Naming system components in system: suhddpsram512x4_rq"
Info: suhddpsram512x4_rq: "Processing generation queue"
Info: suhddpsram512x4_rq: "Generating: suhddpsram512x4_rq"
Info: suhddpsram512x4_rq: "Generating: suhddpsram512x4_rq_ram_2port_150_xzd5lly"
Info: suhddpsram512x4_rq: Done "suhddpsram512x4_rq" with 2 modules, 3 files
Info: ip-generate succeeded.
Info: Finished: Create HDL design files for synthesis
